<?xml version="1.0" encoding="UTF-8"?>
<coverage generated="1658217123796" clover="3.2.0">
  <project timestamp="1658217123796" name="All files">
    <metrics statements="27" coveredstatements="15" conditionals="20" coveredconditionals="4" methods="10" coveredmethods="5" elements="57" coveredelements="24" complexity="0" loc="27" ncloc="27" packages="1" files="3" classes="3"/>
    <file name="expression.ts" path="D:\Projects\readable-regex\src\expression.ts">
      <metrics statements="14" coveredstatements="9" conditionals="8" coveredconditionals="3" methods="6" coveredmethods="4"/>
      <line num="1" count="1" type="stmt"/>
      <line num="15" count="2" type="cond" truecount="2" falsecount="0"/>
      <line num="19" count="2" type="cond" truecount="1" falsecount="1"/>
      <line num="20" count="0" type="stmt"/>
      <line num="22" count="2" type="stmt"/>
      <line num="24" count="2" type="stmt"/>
      <line num="28" count="0" type="cond" truecount="0" falsecount="2"/>
      <line num="29" count="0" type="cond" truecount="0" falsecount="2"/>
      <line num="31" count="0" type="stmt"/>
      <line num="33" count="0" type="stmt"/>
      <line num="37" count="2" type="stmt"/>
      <line num="38" count="2" type="stmt"/>
      <line num="44" count="1" type="stmt"/>
      <line num="45" count="2" type="stmt"/>
    </file>
    <file name="helper.ts" path="D:\Projects\readable-regex\src\helper.ts">
      <metrics statements="12" coveredstatements="5" conditionals="12" coveredconditionals="1" methods="4" coveredmethods="1"/>
      <line num="3" count="1" type="stmt"/>
      <line num="4" count="0" type="cond" truecount="0" falsecount="2"/>
      <line num="7" count="1" type="stmt"/>
      <line num="8" count="0" type="cond" truecount="0" falsecount="2"/>
      <line num="9" count="0" type="stmt"/>
      <line num="10" count="0" type="cond" truecount="0" falsecount="2"/>
      <line num="11" count="0" type="cond" truecount="0" falsecount="2"/>
      <line num="13" count="0" type="stmt"/>
      <line num="17" count="1" type="stmt"/>
      <line num="18" count="2" type="cond" truecount="1" falsecount="1"/>
      <line num="19" count="2" type="stmt"/>
      <line num="21" count="0" type="cond" truecount="0" falsecount="2"/>
    </file>
    <file name="index.ts" path="D:\Projects\readable-regex\src\index.ts">
      <metrics statements="1" coveredstatements="1" conditionals="0" coveredconditionals="0" methods="0" coveredmethods="0"/>
      <line num="1" count="1" type="stmt"/>
    </file>
  </project>
</coverage>
