TN:
SF:src\expression.ts
FN:14,(anonymous_0)
FN:18,(anonymous_1)
FN:27,(anonymous_2)
FN:29,(anonymous_3)
FN:36,(anonymous_4)
FN:44,exactly
FNF:6
FNH:4
FNDA:2,(anonymous_0)
FNDA:2,(anonymous_1)
FNDA:0,(anonymous_2)
FNDA:0,(anonymous_3)
FNDA:2,(anonymous_4)
FNDA:2,exactly
DA:1,1
DA:15,2
DA:19,2
DA:20,0
DA:22,2
DA:24,2
DA:28,0
DA:29,0
DA:31,0
DA:33,0
DA:37,2
DA:38,2
DA:44,1
DA:45,2
LF:14
LH:9
BRDA:15,0,0,2
BRDA:15,0,1,2
BRDA:19,1,0,0
BRDA:19,1,1,2
BRDA:28,2,0,0
BRDA:28,2,1,0
BRDA:29,3,0,0
BRDA:29,3,1,0
BRF:8
BRH:3
end_of_record
TN:
SF:src\helper.ts
FN:3,isTemplateStringsArray
FN:7,isLiteralArgument
FN:17,getLiteralString
FN:21,(anonymous_3)
FNF:4
FNH:1
FNDA:0,isTemplateStringsArray
FNDA:0,isLiteralArgument
FNDA:2,getLiteralString
FNDA:0,(anonymous_3)
DA:3,1
DA:4,0
DA:7,1
DA:8,0
DA:9,0
DA:10,0
DA:11,0
DA:13,0
DA:17,1
DA:18,2
DA:19,2
DA:21,0
LF:12
LH:5
BRDA:4,0,0,0
BRDA:4,0,1,0
BRDA:8,1,0,0
BRDA:8,1,1,0
BRDA:10,2,0,0
BRDA:10,2,1,0
BRDA:11,3,0,0
BRDA:11,3,1,0
BRDA:18,4,0,2
BRDA:18,4,1,0
BRDA:21,5,0,0
BRDA:21,5,1,0
BRF:12
BRH:1
end_of_record
TN:
SF:src\index.ts
FNF:0
FNH:0
DA:1,1
LF:1
LH:1
BRF:0
BRH:0
end_of_record
